<?xml version="1.0" encoding="UTF-8"?>
<!-- Generated by org.testng.reporters.JUnitReportReporter -->
<testsuite hostname="DESKTOP-V4U71TT" failures="0" tests="3" name="tasks_tests.task_verification" time="63.391" errors="0" timestamp="2023-04-08T09:04:26 IST" skipped="0">
  <testcase classname="tasks_tests.task_verification" name="login_to_app" time="26.382"/>
  <system-out/>
  <testcase classname="tasks_tests.task_verification" name="createtask" time="32.508"/>
  <system-out/>
  <testcase classname="tasks_tests.task_verification" name="logout" time="4.501"/>
  <system-out/>
</testsuite> <!-- tasks_tests.task_verification -->
